{"C:\\PROJECT-T\\teacher-mobile-app-v2\\constants\\data.ts": {"path":"C:\\PROJECT-T\\teacher-mobile-app-v2\\constants\\data.ts","statementMap":{"0":{"start":{"line":3,"column":43},"end":{"line":26,"column":null}}},"fnMap":{},"branchMap":{},"s":{"0":2},"f":{},"b":{},"meta":{"lastBranch":0,"lastFunction":0,"lastStatement":1,"seen":{"s:3:43:26:Infinity":0}}}
,"C:\\PROJECT-T\\teacher-mobile-app-v2\\utils\\helpers.ts": {"path":"C:\\PROJECT-T\\teacher-mobile-app-v2\\utils\\helpers.ts","statementMap":{"0":{"start":{"line":1,"column":32},"end":{"line":4,"column":null}},"1":{"start":{"line":2,"column":2},"end":{"line":2,"column":null}},"2":{"start":{"line":2,"column":25},"end":{"line":2,"column":null}},"3":{"start":{"line":3,"column":2},"end":{"line":3,"column":null}},"4":{"start":{"line":6,"column":35},"end":{"line":9,"column":null}},"5":{"start":{"line":7,"column":2},"end":{"line":7,"column":null}},"6":{"start":{"line":7,"column":14},"end":{"line":7,"column":null}},"7":{"start":{"line":8,"column":2},"end":{"line":8,"column":null}}},"fnMap":{"0":{"name":"(anonymous_0)","decl":{"start":{"line":1,"column":32},"end":{"line":1,"column":33}},"loc":{"start":{"line":1,"column":75},"end":{"line":4,"column":null}},"line":1},"1":{"name":"(anonymous_1)","decl":{"start":{"line":6,"column":35},"end":{"line":6,"column":36}},"loc":{"start":{"line":6,"column":63},"end":{"line":9,"column":null}},"line":6}},"branchMap":{"0":{"loc":{"start":{"line":2,"column":2},"end":{"line":2,"column":null}},"type":"if","locations":[{"start":{"line":2,"column":2},"end":{"line":2,"column":null}},{"start":{},"end":{}}],"line":2},"1":{"loc":{"start":{"line":2,"column":6},"end":{"line":2,"column":25}},"type":"binary-expr","locations":[{"start":{"line":2,"column":6},"end":{"line":2,"column":15}},{"start":{"line":2,"column":15},"end":{"line":2,"column":25}}],"line":2},"2":{"loc":{"start":{"line":7,"column":2},"end":{"line":7,"column":null}},"type":"if","locations":[{"start":{"line":7,"column":2},"end":{"line":7,"column":null}},{"start":{},"end":{}}],"line":7}},"s":{"0":1,"1":3,"2":1,"3":2,"4":1,"5":3,"6":1,"7":2},"f":{"0":3,"1":3},"b":{"0":[1,2],"1":[3,2],"2":[1,2]},"meta":{"lastBranch":3,"lastFunction":2,"lastStatement":8,"seen":{"s:1:32:4:Infinity":0,"f:1:32:1:33":0,"b:2:2:2:Infinity:undefined:undefined:undefined:undefined":0,"s:2:2:2:Infinity":1,"b:2:6:2:15:2:15:2:25":1,"s:2:25:2:Infinity":2,"s:3:2:3:Infinity":3,"s:6:35:9:Infinity":4,"f:6:35:6:36":1,"b:7:2:7:Infinity:undefined:undefined:undefined:undefined":2,"s:7:2:7:Infinity":5,"s:7:14:7:Infinity":6,"s:8:2:8:Infinity":7}}}
}
